0 info it worked if it ends with ok
1 verbose cli [ 'node', '/usr/local/bin/npm', 'install' ]
2 info using npm@1.4.28
3 info using node@v0.10.32
4 verbose readDependencies using package.json deps
5 verbose install where, deps [ '/Users/mbild/pcp-prototypes/pcp-prototypes/BILD-PCP-CSC',
5 verbose install   [ 'grunt',
5 verbose install     'grunt-contrib-clean',
5 verbose install     'grunt-contrib-concat',
5 verbose install     'grunt-contrib-copy',
5 verbose install     'grunt-contrib-compass',
5 verbose install     'grunt-contrib-connect',
5 verbose install     'grunt-contrib-cssmin',
5 verbose install     'grunt-contrib-imagemin',
5 verbose install     'grunt-contrib-jshint',
5 verbose install     'grunt-contrib-uglify',
5 verbose install     'grunt-contrib-watch',
5 verbose install     'grunt-newer',
5 verbose install     'grunt-usemin',
5 verbose install     'grunt-wiredep',
5 verbose install     'load-grunt-tasks' ] ]
6 info preinstall zf5_project@0.0.1
7 verbose readDependencies using package.json deps
8 verbose cache add [ 'grunt-contrib-clean@^0.6.0', null ]
9 verbose cache add name=undefined spec="grunt-contrib-clean@^0.6.0" args=["grunt-contrib-clean@^0.6.0",null]
10 verbose parsed url { protocol: null,
10 verbose parsed url   slashes: null,
10 verbose parsed url   auth: null,
10 verbose parsed url   host: null,
10 verbose parsed url   port: null,
10 verbose parsed url   hostname: null,
10 verbose parsed url   hash: null,
10 verbose parsed url   search: null,
10 verbose parsed url   query: null,
10 verbose parsed url   pathname: 'grunt-contrib-clean@^0.6.0',
10 verbose parsed url   path: 'grunt-contrib-clean@^0.6.0',
10 verbose parsed url   href: 'grunt-contrib-clean@^0.6.0' }
11 verbose cache add [ 'grunt-contrib-concat@^0.5.0', null ]
12 verbose cache add name=undefined spec="grunt-contrib-concat@^0.5.0" args=["grunt-contrib-concat@^0.5.0",null]
13 verbose parsed url { protocol: null,
13 verbose parsed url   slashes: null,
13 verbose parsed url   auth: null,
13 verbose parsed url   host: null,
13 verbose parsed url   port: null,
13 verbose parsed url   hostname: null,
13 verbose parsed url   hash: null,
13 verbose parsed url   search: null,
13 verbose parsed url   query: null,
13 verbose parsed url   pathname: 'grunt-contrib-concat@^0.5.0',
13 verbose parsed url   path: 'grunt-contrib-concat@^0.5.0',
13 verbose parsed url   href: 'grunt-contrib-concat@^0.5.0' }
14 verbose cache add [ 'grunt-contrib-copy@^0.7.0', null ]
15 verbose cache add name=undefined spec="grunt-contrib-copy@^0.7.0" args=["grunt-contrib-copy@^0.7.0",null]
16 verbose parsed url { protocol: null,
16 verbose parsed url   slashes: null,
16 verbose parsed url   auth: null,
16 verbose parsed url   host: null,
16 verbose parsed url   port: null,
16 verbose parsed url   hostname: null,
16 verbose parsed url   hash: null,
16 verbose parsed url   search: null,
16 verbose parsed url   query: null,
16 verbose parsed url   pathname: 'grunt-contrib-copy@^0.7.0',
16 verbose parsed url   path: 'grunt-contrib-copy@^0.7.0',
16 verbose parsed url   href: 'grunt-contrib-copy@^0.7.0' }
17 verbose cache add name="grunt-contrib-clean" spec="^0.6.0" args=["grunt-contrib-clean","^0.6.0"]
18 verbose parsed url { protocol: null,
18 verbose parsed url   slashes: null,
18 verbose parsed url   auth: null,
18 verbose parsed url   host: null,
18 verbose parsed url   port: null,
18 verbose parsed url   hostname: null,
18 verbose parsed url   hash: null,
18 verbose parsed url   search: null,
18 verbose parsed url   query: null,
18 verbose parsed url   pathname: '^0.6.0',
18 verbose parsed url   path: '^0.6.0',
18 verbose parsed url   href: '^0.6.0' }
19 verbose addNamed [ 'grunt-contrib-clean', '^0.6.0' ]
20 verbose addNamed [ null, '>=0.6.0-0 <0.7.0-0' ]
21 verbose cache add name="grunt-contrib-concat" spec="^0.5.0" args=["grunt-contrib-concat","^0.5.0"]
22 verbose parsed url { protocol: null,
22 verbose parsed url   slashes: null,
22 verbose parsed url   auth: null,
22 verbose parsed url   host: null,
22 verbose parsed url   port: null,
22 verbose parsed url   hostname: null,
22 verbose parsed url   hash: null,
22 verbose parsed url   search: null,
22 verbose parsed url   query: null,
22 verbose parsed url   pathname: '^0.5.0',
22 verbose parsed url   path: '^0.5.0',
22 verbose parsed url   href: '^0.5.0' }
23 verbose addNamed [ 'grunt-contrib-concat', '^0.5.0' ]
24 verbose addNamed [ null, '>=0.5.0-0 <0.6.0-0' ]
25 verbose cache add name="grunt-contrib-copy" spec="^0.7.0" args=["grunt-contrib-copy","^0.7.0"]
26 verbose parsed url { protocol: null,
26 verbose parsed url   slashes: null,
26 verbose parsed url   auth: null,
26 verbose parsed url   host: null,
26 verbose parsed url   port: null,
26 verbose parsed url   hostname: null,
26 verbose parsed url   hash: null,
26 verbose parsed url   search: null,
26 verbose parsed url   query: null,
26 verbose parsed url   pathname: '^0.7.0',
26 verbose parsed url   path: '^0.7.0',
26 verbose parsed url   href: '^0.7.0' }
27 verbose addNamed [ 'grunt-contrib-copy', '^0.7.0' ]
28 verbose addNamed [ null, '>=0.7.0-0 <0.8.0-0' ]
29 verbose cache add [ 'grunt-contrib-compass@^1.0.1', null ]
30 verbose cache add name=undefined spec="grunt-contrib-compass@^1.0.1" args=["grunt-contrib-compass@^1.0.1",null]
31 verbose parsed url { protocol: null,
31 verbose parsed url   slashes: null,
31 verbose parsed url   auth: null,
31 verbose parsed url   host: null,
31 verbose parsed url   port: null,
31 verbose parsed url   hostname: null,
31 verbose parsed url   hash: null,
31 verbose parsed url   search: null,
31 verbose parsed url   query: null,
31 verbose parsed url   pathname: 'grunt-contrib-compass@^1.0.1',
31 verbose parsed url   path: 'grunt-contrib-compass@^1.0.1',
31 verbose parsed url   href: 'grunt-contrib-compass@^1.0.1' }
32 verbose cache add [ 'grunt-contrib-connect@^0.8.0', null ]
33 verbose cache add name=undefined spec="grunt-contrib-connect@^0.8.0" args=["grunt-contrib-connect@^0.8.0",null]
34 verbose parsed url { protocol: null,
34 verbose parsed url   slashes: null,
34 verbose parsed url   auth: null,
34 verbose parsed url   host: null,
34 verbose parsed url   port: null,
34 verbose parsed url   hostname: null,
34 verbose parsed url   hash: null,
34 verbose parsed url   search: null,
34 verbose parsed url   query: null,
34 verbose parsed url   pathname: 'grunt-contrib-connect@^0.8.0',
34 verbose parsed url   path: 'grunt-contrib-connect@^0.8.0',
34 verbose parsed url   href: 'grunt-contrib-connect@^0.8.0' }
35 verbose cache add [ 'grunt-contrib-cssmin@^0.10.0', null ]
36 verbose cache add name=undefined spec="grunt-contrib-cssmin@^0.10.0" args=["grunt-contrib-cssmin@^0.10.0",null]
37 verbose parsed url { protocol: null,
37 verbose parsed url   slashes: null,
37 verbose parsed url   auth: null,
37 verbose parsed url   host: null,
37 verbose parsed url   port: null,
37 verbose parsed url   hostname: null,
37 verbose parsed url   hash: null,
37 verbose parsed url   search: null,
37 verbose parsed url   query: null,
37 verbose parsed url   pathname: 'grunt-contrib-cssmin@^0.10.0',
37 verbose parsed url   path: 'grunt-contrib-cssmin@^0.10.0',
37 verbose parsed url   href: 'grunt-contrib-cssmin@^0.10.0' }
38 silly lockFile ca39a60f-grunt-contrib-clean-0-6-0 grunt-contrib-clean@^0.6.0
39 verbose lock grunt-contrib-clean@^0.6.0 /Users/mbild/.npm/ca39a60f-grunt-contrib-clean-0-6-0.lock
40 silly lockFile 47c410cb-grunt-contrib-concat-0-5-0 grunt-contrib-concat@^0.5.0
41 verbose lock grunt-contrib-concat@^0.5.0 /Users/mbild/.npm/47c410cb-grunt-contrib-concat-0-5-0.lock
42 silly lockFile 359d66a1-grunt-contrib-copy-0-7-0 grunt-contrib-copy@^0.7.0
43 verbose lock grunt-contrib-copy@^0.7.0 /Users/mbild/.npm/359d66a1-grunt-contrib-copy-0-7-0.lock
44 verbose cache add name="grunt-contrib-compass" spec="^1.0.1" args=["grunt-contrib-compass","^1.0.1"]
45 verbose parsed url { protocol: null,
45 verbose parsed url   slashes: null,
45 verbose parsed url   auth: null,
45 verbose parsed url   host: null,
45 verbose parsed url   port: null,
45 verbose parsed url   hostname: null,
45 verbose parsed url   hash: null,
45 verbose parsed url   search: null,
45 verbose parsed url   query: null,
45 verbose parsed url   pathname: '^1.0.1',
45 verbose parsed url   path: '^1.0.1',
45 verbose parsed url   href: '^1.0.1' }
46 verbose addNamed [ 'grunt-contrib-compass', '^1.0.1' ]
47 verbose addNamed [ null, '>=1.0.1-0 <2.0.0-0' ]
48 silly lockFile 18371fbf-grunt-contrib-compass-1-0-1 grunt-contrib-compass@^1.0.1
49 verbose lock grunt-contrib-compass@^1.0.1 /Users/mbild/.npm/18371fbf-grunt-contrib-compass-1-0-1.lock
50 verbose cache add name="grunt-contrib-connect" spec="^0.8.0" args=["grunt-contrib-connect","^0.8.0"]
51 verbose parsed url { protocol: null,
51 verbose parsed url   slashes: null,
51 verbose parsed url   auth: null,
51 verbose parsed url   host: null,
51 verbose parsed url   port: null,
51 verbose parsed url   hostname: null,
51 verbose parsed url   hash: null,
51 verbose parsed url   search: null,
51 verbose parsed url   query: null,
51 verbose parsed url   pathname: '^0.8.0',
51 verbose parsed url   path: '^0.8.0',
51 verbose parsed url   href: '^0.8.0' }
52 verbose addNamed [ 'grunt-contrib-connect', '^0.8.0' ]
53 verbose addNamed [ null, '>=0.8.0-0 <0.9.0-0' ]
54 silly lockFile 65329720-grunt-contrib-connect-0-8-0 grunt-contrib-connect@^0.8.0
55 verbose lock grunt-contrib-connect@^0.8.0 /Users/mbild/.npm/65329720-grunt-contrib-connect-0-8-0.lock
56 verbose cache add name="grunt-contrib-cssmin" spec="^0.10.0" args=["grunt-contrib-cssmin","^0.10.0"]
57 verbose parsed url { protocol: null,
57 verbose parsed url   slashes: null,
57 verbose parsed url   auth: null,
57 verbose parsed url   host: null,
57 verbose parsed url   port: null,
57 verbose parsed url   hostname: null,
57 verbose parsed url   hash: null,
57 verbose parsed url   search: null,
57 verbose parsed url   query: null,
57 verbose parsed url   pathname: '^0.10.0',
57 verbose parsed url   path: '^0.10.0',
57 verbose parsed url   href: '^0.10.0' }
58 verbose addNamed [ 'grunt-contrib-cssmin', '^0.10.0' ]
59 verbose addNamed [ null, '>=0.10.0-0 <0.11.0-0' ]
60 silly lockFile 27341b2e-grunt-contrib-cssmin-0-10-0 grunt-contrib-cssmin@^0.10.0
61 verbose lock grunt-contrib-cssmin@^0.10.0 /Users/mbild/.npm/27341b2e-grunt-contrib-cssmin-0-10-0.lock
62 verbose cache add [ 'grunt-contrib-imagemin@^0.9.1', null ]
63 verbose cache add name=undefined spec="grunt-contrib-imagemin@^0.9.1" args=["grunt-contrib-imagemin@^0.9.1",null]
64 verbose parsed url { protocol: null,
64 verbose parsed url   slashes: null,
64 verbose parsed url   auth: null,
64 verbose parsed url   host: null,
64 verbose parsed url   port: null,
64 verbose parsed url   hostname: null,
64 verbose parsed url   hash: null,
64 verbose parsed url   search: null,
64 verbose parsed url   query: null,
64 verbose parsed url   pathname: 'grunt-contrib-imagemin@^0.9.1',
64 verbose parsed url   path: 'grunt-contrib-imagemin@^0.9.1',
64 verbose parsed url   href: 'grunt-contrib-imagemin@^0.9.1' }
65 verbose cache add [ 'grunt-contrib-jshint@^0.10.0', null ]
66 verbose cache add name=undefined spec="grunt-contrib-jshint@^0.10.0" args=["grunt-contrib-jshint@^0.10.0",null]
67 verbose parsed url { protocol: null,
67 verbose parsed url   slashes: null,
67 verbose parsed url   auth: null,
67 verbose parsed url   host: null,
67 verbose parsed url   port: null,
67 verbose parsed url   hostname: null,
67 verbose parsed url   hash: null,
67 verbose parsed url   search: null,
67 verbose parsed url   query: null,
67 verbose parsed url   pathname: 'grunt-contrib-jshint@^0.10.0',
67 verbose parsed url   path: 'grunt-contrib-jshint@^0.10.0',
67 verbose parsed url   href: 'grunt-contrib-jshint@^0.10.0' }
68 verbose cache add [ 'grunt-contrib-uglify@^0.6.0', null ]
69 verbose cache add name=undefined spec="grunt-contrib-uglify@^0.6.0" args=["grunt-contrib-uglify@^0.6.0",null]
70 verbose parsed url { protocol: null,
70 verbose parsed url   slashes: null,
70 verbose parsed url   auth: null,
70 verbose parsed url   host: null,
70 verbose parsed url   port: null,
70 verbose parsed url   hostname: null,
70 verbose parsed url   hash: null,
70 verbose parsed url   search: null,
70 verbose parsed url   query: null,
70 verbose parsed url   pathname: 'grunt-contrib-uglify@^0.6.0',
70 verbose parsed url   path: 'grunt-contrib-uglify@^0.6.0',
70 verbose parsed url   href: 'grunt-contrib-uglify@^0.6.0' }
71 verbose cache add name="grunt-contrib-imagemin" spec="^0.9.1" args=["grunt-contrib-imagemin","^0.9.1"]
72 verbose parsed url { protocol: null,
72 verbose parsed url   slashes: null,
72 verbose parsed url   auth: null,
72 verbose parsed url   host: null,
72 verbose parsed url   port: null,
72 verbose parsed url   hostname: null,
72 verbose parsed url   hash: null,
72 verbose parsed url   search: null,
72 verbose parsed url   query: null,
72 verbose parsed url   pathname: '^0.9.1',
72 verbose parsed url   path: '^0.9.1',
72 verbose parsed url   href: '^0.9.1' }
73 verbose addNamed [ 'grunt-contrib-imagemin', '^0.9.1' ]
74 verbose addNamed [ null, '>=0.9.1-0 <0.10.0-0' ]
75 silly lockFile 6475d147-grunt-contrib-imagemin-0-9-1 grunt-contrib-imagemin@^0.9.1
76 verbose lock grunt-contrib-imagemin@^0.9.1 /Users/mbild/.npm/6475d147-grunt-contrib-imagemin-0-9-1.lock
77 verbose cache add name="grunt-contrib-jshint" spec="^0.10.0" args=["grunt-contrib-jshint","^0.10.0"]
78 verbose parsed url { protocol: null,
78 verbose parsed url   slashes: null,
78 verbose parsed url   auth: null,
78 verbose parsed url   host: null,
78 verbose parsed url   port: null,
78 verbose parsed url   hostname: null,
78 verbose parsed url   hash: null,
78 verbose parsed url   search: null,
78 verbose parsed url   query: null,
78 verbose parsed url   pathname: '^0.10.0',
78 verbose parsed url   path: '^0.10.0',
78 verbose parsed url   href: '^0.10.0' }
79 verbose addNamed [ 'grunt-contrib-jshint', '^0.10.0' ]
80 verbose addNamed [ null, '>=0.10.0-0 <0.11.0-0' ]
81 silly lockFile 1bfa20d8-grunt-contrib-jshint-0-10-0 grunt-contrib-jshint@^0.10.0
82 verbose lock grunt-contrib-jshint@^0.10.0 /Users/mbild/.npm/1bfa20d8-grunt-contrib-jshint-0-10-0.lock
83 verbose cache add name="grunt-contrib-uglify" spec="^0.6.0" args=["grunt-contrib-uglify","^0.6.0"]
84 verbose parsed url { protocol: null,
84 verbose parsed url   slashes: null,
84 verbose parsed url   auth: null,
84 verbose parsed url   host: null,
84 verbose parsed url   port: null,
84 verbose parsed url   hostname: null,
84 verbose parsed url   hash: null,
84 verbose parsed url   search: null,
84 verbose parsed url   query: null,
84 verbose parsed url   pathname: '^0.6.0',
84 verbose parsed url   path: '^0.6.0',
84 verbose parsed url   href: '^0.6.0' }
85 verbose addNamed [ 'grunt-contrib-uglify', '^0.6.0' ]
86 verbose addNamed [ null, '>=0.6.0-0 <0.7.0-0' ]
87 silly lockFile 745b3922-grunt-contrib-uglify-0-6-0 grunt-contrib-uglify@^0.6.0
88 verbose lock grunt-contrib-uglify@^0.6.0 /Users/mbild/.npm/745b3922-grunt-contrib-uglify-0-6-0.lock
89 verbose cache add [ 'grunt-contrib-watch@^0.6.1', null ]
90 verbose cache add name=undefined spec="grunt-contrib-watch@^0.6.1" args=["grunt-contrib-watch@^0.6.1",null]
91 verbose parsed url { protocol: null,
91 verbose parsed url   slashes: null,
91 verbose parsed url   auth: null,
91 verbose parsed url   host: null,
91 verbose parsed url   port: null,
91 verbose parsed url   hostname: null,
91 verbose parsed url   hash: null,
91 verbose parsed url   search: null,
91 verbose parsed url   query: null,
91 verbose parsed url   pathname: 'grunt-contrib-watch@^0.6.1',
91 verbose parsed url   path: 'grunt-contrib-watch@^0.6.1',
91 verbose parsed url   href: 'grunt-contrib-watch@^0.6.1' }
92 verbose cache add [ 'grunt-newer@^0.8.0', null ]
93 verbose cache add name=undefined spec="grunt-newer@^0.8.0" args=["grunt-newer@^0.8.0",null]
94 verbose parsed url { protocol: null,
94 verbose parsed url   slashes: null,
94 verbose parsed url   auth: null,
94 verbose parsed url   host: null,
94 verbose parsed url   port: null,
94 verbose parsed url   hostname: null,
94 verbose parsed url   hash: null,
94 verbose parsed url   search: null,
94 verbose parsed url   query: null,
94 verbose parsed url   pathname: 'grunt-newer@^0.8.0',
94 verbose parsed url   path: 'grunt-newer@^0.8.0',
94 verbose parsed url   href: 'grunt-newer@^0.8.0' }
95 verbose cache add [ 'grunt-usemin@^2.5.1', null ]
96 verbose cache add name=undefined spec="grunt-usemin@^2.5.1" args=["grunt-usemin@^2.5.1",null]
97 verbose parsed url { protocol: null,
97 verbose parsed url   slashes: null,
97 verbose parsed url   auth: null,
97 verbose parsed url   host: null,
97 verbose parsed url   port: null,
97 verbose parsed url   hostname: null,
97 verbose parsed url   hash: null,
97 verbose parsed url   search: null,
97 verbose parsed url   query: null,
97 verbose parsed url   pathname: 'grunt-usemin@^2.5.1',
97 verbose parsed url   path: 'grunt-usemin@^2.5.1',
97 verbose parsed url   href: 'grunt-usemin@^2.5.1' }
98 verbose cache add [ 'grunt-wiredep@^1.9.0', null ]
99 verbose cache add name=undefined spec="grunt-wiredep@^1.9.0" args=["grunt-wiredep@^1.9.0",null]
100 verbose parsed url { protocol: null,
100 verbose parsed url   slashes: null,
100 verbose parsed url   auth: null,
100 verbose parsed url   host: null,
100 verbose parsed url   port: null,
100 verbose parsed url   hostname: null,
100 verbose parsed url   hash: null,
100 verbose parsed url   search: null,
100 verbose parsed url   query: null,
100 verbose parsed url   pathname: 'grunt-wiredep@^1.9.0',
100 verbose parsed url   path: 'grunt-wiredep@^1.9.0',
100 verbose parsed url   href: 'grunt-wiredep@^1.9.0' }
101 verbose cache add [ 'load-grunt-tasks@^1.0.0', null ]
102 verbose cache add name=undefined spec="load-grunt-tasks@^1.0.0" args=["load-grunt-tasks@^1.0.0",null]
103 verbose parsed url { protocol: null,
103 verbose parsed url   slashes: null,
103 verbose parsed url   auth: null,
103 verbose parsed url   host: null,
103 verbose parsed url   port: null,
103 verbose parsed url   hostname: null,
103 verbose parsed url   hash: null,
103 verbose parsed url   search: null,
103 verbose parsed url   query: null,
103 verbose parsed url   pathname: 'load-grunt-tasks@^1.0.0',
103 verbose parsed url   path: 'load-grunt-tasks@^1.0.0',
103 verbose parsed url   href: 'load-grunt-tasks@^1.0.0' }
104 verbose cache add [ 'grunt@^0.4.5', null ]
105 verbose cache add name=undefined spec="grunt@^0.4.5" args=["grunt@^0.4.5",null]
106 verbose parsed url { protocol: null,
106 verbose parsed url   slashes: null,
106 verbose parsed url   auth: null,
106 verbose parsed url   host: null,
106 verbose parsed url   port: null,
106 verbose parsed url   hostname: null,
106 verbose parsed url   hash: null,
106 verbose parsed url   search: null,
106 verbose parsed url   query: null,
106 verbose parsed url   pathname: 'grunt@^0.4.5',
106 verbose parsed url   path: 'grunt@^0.4.5',
106 verbose parsed url   href: 'grunt@^0.4.5' }
107 verbose cache add name="grunt-contrib-watch" spec="^0.6.1" args=["grunt-contrib-watch","^0.6.1"]
108 verbose parsed url { protocol: null,
108 verbose parsed url   slashes: null,
108 verbose parsed url   auth: null,
108 verbose parsed url   host: null,
108 verbose parsed url   port: null,
108 verbose parsed url   hostname: null,
108 verbose parsed url   hash: null,
108 verbose parsed url   search: null,
108 verbose parsed url   query: null,
108 verbose parsed url   pathname: '^0.6.1',
108 verbose parsed url   path: '^0.6.1',
108 verbose parsed url   href: '^0.6.1' }
109 verbose addNamed [ 'grunt-contrib-watch', '^0.6.1' ]
110 verbose addNamed [ null, '>=0.6.1-0 <0.7.0-0' ]
111 silly lockFile 224b1ece-grunt-contrib-watch-0-6-1 grunt-contrib-watch@^0.6.1
112 verbose lock grunt-contrib-watch@^0.6.1 /Users/mbild/.npm/224b1ece-grunt-contrib-watch-0-6-1.lock
113 verbose cache add name="grunt-newer" spec="^0.8.0" args=["grunt-newer","^0.8.0"]
114 verbose parsed url { protocol: null,
114 verbose parsed url   slashes: null,
114 verbose parsed url   auth: null,
114 verbose parsed url   host: null,
114 verbose parsed url   port: null,
114 verbose parsed url   hostname: null,
114 verbose parsed url   hash: null,
114 verbose parsed url   search: null,
114 verbose parsed url   query: null,
114 verbose parsed url   pathname: '^0.8.0',
114 verbose parsed url   path: '^0.8.0',
114 verbose parsed url   href: '^0.8.0' }
115 verbose addNamed [ 'grunt-newer', '^0.8.0' ]
116 verbose addNamed [ null, '>=0.8.0-0 <0.9.0-0' ]
117 silly lockFile bfd6a2d4-grunt-newer-0-8-0 grunt-newer@^0.8.0
118 verbose lock grunt-newer@^0.8.0 /Users/mbild/.npm/bfd6a2d4-grunt-newer-0-8-0.lock
119 verbose cache add name="grunt-usemin" spec="^2.5.1" args=["grunt-usemin","^2.5.1"]
120 verbose parsed url { protocol: null,
120 verbose parsed url   slashes: null,
120 verbose parsed url   auth: null,
120 verbose parsed url   host: null,
120 verbose parsed url   port: null,
120 verbose parsed url   hostname: null,
120 verbose parsed url   hash: null,
120 verbose parsed url   search: null,
120 verbose parsed url   query: null,
120 verbose parsed url   pathname: '^2.5.1',
120 verbose parsed url   path: '^2.5.1',
120 verbose parsed url   href: '^2.5.1' }
121 verbose addNamed [ 'grunt-usemin', '^2.5.1' ]
122 verbose addNamed [ null, '>=2.5.1-0 <3.0.0-0' ]
123 silly lockFile 7e847963-grunt-usemin-2-5-1 grunt-usemin@^2.5.1
124 verbose lock grunt-usemin@^2.5.1 /Users/mbild/.npm/7e847963-grunt-usemin-2-5-1.lock
125 verbose cache add name="grunt-wiredep" spec="^1.9.0" args=["grunt-wiredep","^1.9.0"]
126 verbose parsed url { protocol: null,
126 verbose parsed url   slashes: null,
126 verbose parsed url   auth: null,
126 verbose parsed url   host: null,
126 verbose parsed url   port: null,
126 verbose parsed url   hostname: null,
126 verbose parsed url   hash: null,
126 verbose parsed url   search: null,
126 verbose parsed url   query: null,
126 verbose parsed url   pathname: '^1.9.0',
126 verbose parsed url   path: '^1.9.0',
126 verbose parsed url   href: '^1.9.0' }
127 verbose addNamed [ 'grunt-wiredep', '^1.9.0' ]
128 verbose addNamed [ null, '>=1.9.0-0 <2.0.0-0' ]
129 silly lockFile 8e283b66-grunt-wiredep-1-9-0 grunt-wiredep@^1.9.0
130 verbose lock grunt-wiredep@^1.9.0 /Users/mbild/.npm/8e283b66-grunt-wiredep-1-9-0.lock
131 verbose cache add name="load-grunt-tasks" spec="^1.0.0" args=["load-grunt-tasks","^1.0.0"]
132 verbose parsed url { protocol: null,
132 verbose parsed url   slashes: null,
132 verbose parsed url   auth: null,
132 verbose parsed url   host: null,
132 verbose parsed url   port: null,
132 verbose parsed url   hostname: null,
132 verbose parsed url   hash: null,
132 verbose parsed url   search: null,
132 verbose parsed url   query: null,
132 verbose parsed url   pathname: '^1.0.0',
132 verbose parsed url   path: '^1.0.0',
132 verbose parsed url   href: '^1.0.0' }
133 verbose addNamed [ 'load-grunt-tasks', '^1.0.0' ]
134 verbose addNamed [ null, '>=1.0.0-0 <2.0.0-0' ]
135 silly lockFile a3737295-load-grunt-tasks-1-0-0 load-grunt-tasks@^1.0.0
136 verbose lock load-grunt-tasks@^1.0.0 /Users/mbild/.npm/a3737295-load-grunt-tasks-1-0-0.lock
137 verbose cache add name="grunt" spec="^0.4.5" args=["grunt","^0.4.5"]
138 verbose parsed url { protocol: null,
138 verbose parsed url   slashes: null,
138 verbose parsed url   auth: null,
138 verbose parsed url   host: null,
138 verbose parsed url   port: null,
138 verbose parsed url   hostname: null,
138 verbose parsed url   hash: null,
138 verbose parsed url   search: null,
138 verbose parsed url   query: null,
138 verbose parsed url   pathname: '^0.4.5',
138 verbose parsed url   path: '^0.4.5',
138 verbose parsed url   href: '^0.4.5' }
139 verbose addNamed [ 'grunt', '^0.4.5' ]
140 verbose addNamed [ null, '>=0.4.5-0 <0.5.0-0' ]
141 silly lockFile 73541f84-grunt-0-4-5 grunt@^0.4.5
142 verbose lock grunt@^0.4.5 /Users/mbild/.npm/73541f84-grunt-0-4-5.lock
143 silly lockFile ca39a60f-grunt-contrib-clean-0-6-0 grunt-contrib-clean@^0.6.0
144 error Error: Attempt to unlock grunt-contrib-clean@^0.6.0, which hasn't been locked
144 error     at unlock (/usr/local/lib/node_modules/npm/lib/utils/locker.js:44:11)
144 error     at cb (/usr/local/lib/node_modules/npm/lib/cache/add-named.js:32:5)
144 error     at /usr/local/lib/node_modules/npm/lib/cache/add-named.js:41:20
144 error     at /usr/local/lib/node_modules/npm/lib/utils/locker.js:30:7
144 error     at cb (/usr/local/lib/node_modules/npm/node_modules/lockfile/lockfile.js:149:38)
144 error     at /usr/local/lib/node_modules/npm/node_modules/lockfile/lockfile.js:177:38
144 error     at Object.oncomplete (fs.js:107:15)
145 error If you need help, you may report this *entire* log,
145 error including the npm and node versions, at:
145 error     <http://github.com/npm/npm/issues>
146 error System Darwin 14.0.0
147 error command "node" "/usr/local/bin/npm" "install"
148 error cwd /Users/mbild/pcp-prototypes/pcp-prototypes/BILD-PCP-CSC
149 error node -v v0.10.32
150 error npm -v 1.4.28
151 verbose exit [ 1, true ]
